#
# A fatal error has been detected by the Java Runtime Environment:
#
#  SIGSEGV (0xb) at pc=0x0000000110c48358, pid=13287, tid=17155
#
# JRE version: Java(TM) SE Runtime Environment (8.0_91-b14) (build 1.8.0_91-b14)
# Java VM: Java HotSpot(TM) 64-Bit Server VM (25.91-b14 mixed mode bsd-amd64 compressed oops)
# Problematic frame:
# V  [libjvm.dylib+0x448358]
#
# Failed to write core dump. Core dumps have been disabled. To enable core dumping, try "ulimit -c unlimited" before starting Java again
#
# If you would like to submit a bug report, please visit:
#   http://bugreport.java.com/bugreport/crash.jsp
#

---------------  T H R E A D  ---------------

Current thread (0x00007fe549000000):  JavaThread "JDWP Transport Listener: dt_socket" daemon [_thread_in_vm, id=17155, stack(0x000070000d11c000,0x000070000d21c000)]

siginfo: si_signo: 11 (SIGSEGV), si_code: 0 (unknown), si_addr: 0x0000000000000000

Registers:
RAX=0x0000000000000001, RBX=0x000070000d21ba8b, RCX=0x0000000111018340, RDX=0x000070000d21ba8b
RSP=0x000070000d21b9d0, RBP=0x000070000d21b9e0, RSI=0x00007fe549000000, RDI=0x63536b616572422e
R8 =0x0000000000000002, R9 =0x00007fe54773a800, R10=0x0000000000000001, R11=0x0000000000000003
R12=0x00007fe549000000, R13=0x63536b616572422e, R14=0x63536b616572422e, R15=0x00007fe547600aa0
RIP=0x0000000110c48358, EFLAGS=0x0000000000010206, ERR=0x0000000000000000
  TRAPNO=0x000000000000000d

Top of Stack: (sp=0x000070000d21b9d0)
0x000070000d21b9d0:   000070000d21ba8b 000070000d21ba8b
0x000070000d21b9e0:   000070000d21ba40 0000000110b57316
0x000070000d21b9f0:   00007fe549000000 0000000000000000
0x000070000d21ba00:   0000000000000000 0000000000000000
0x000070000d21ba10:   00007fe549000000 00007fe549000000
0x000070000d21ba20:   000070000d21ba8b 000070000d21ba90
0x000070000d21ba30:   63536b616572422e 0000000000000003
0x000070000d21ba40:   000070000d21ba60 00000001117e9780
0x000070000d21ba50:   0000000000000001 000070000d21bb08
0x000070000d21ba60:   000070000d21bad0 00000001117ce1f3
0x000070000d21ba70:   000070000d21baa0 00007fe54774a2e0
0x000070000d21ba80:   0000000500000032 f000100a0121bb08
0x000070000d21ba90:   0000000000000000 0000000000000000
0x000070000d21baa0:   0000000000000000 000070000d21bc90
0x000070000d21bab0:   00000001117f0e7a 00007fe54771ac20
0x000070000d21bac0:   000070000d21bb08 00000001117fc598
0x000070000d21bad0:   000070000d21bae0 00000001117ce2ec
0x000070000d21bae0:   000070000d21bd00 00000001117d7898
0x000070000d21baf0:   00010a1200000013 00000000000f0200
0x000070000d21bb00:   00007fe54770e630 00007fe54773a5e7
0x000070000d21bb10:   00007fe5000001f1 00007fe54773a7e0
0x000070000d21bb20:   00007fe50000012c 000070000d21bb58
0x000070000d21bb30:   00007fe54773a7e0 0000000000000000
0x000070000d21bb40:   00010a120000000f 00007fe500002280
0x000070000d21bb50:   000070000d21bb58 e57f000005000000
0x000070000d21bb60:   0d00000098f74247 6863536b61657262
0x000070000d21bb70:   000000656c756465 2f6176616a4c283e
0x000070000d21bb80:   7274532f676e616c 76616a4c3b676e69
0x000070000d21bb90:   412f6c6974752f61 7473694c79617272
0x000070000d21bba0:   2f6176616a4c293b 7272412f6c697475
0x000070000d21bbb0:   003b7473694c7961 76616a4c28680000
0x000070000d21bbc0:   532f676e616c2f61 6a4c3b676e697274 

Instructions: (pc=0x0000000110c48358)
0x0000000110c48338:   40 48 48 85 c0 75 e0 30 c0 0f b6 c0 5d c3 31 c0
0x0000000110c48348:   5d c3 55 48 89 e5 53 48 83 ec 08 48 85 ff 74 24
0x0000000110c48358:   48 8b 1f 48 85 db 74 1c 48 83 fb 37 74 16 48 8b
0x0000000110c48368:   03 48 89 df ff 50 10 84 c0 b8 00 00 00 00 48 0f 

Register to memory mapping:

RAX=0x0000000000000001 is an unknown value
RBX=0x000070000d21ba8b is pointing into the stack for thread: 0x00007fe549000000
RCX=0x0000000111018340: UseMembar+0 in /Library/Java/JavaVirtualMachines/jdk1.8.0_91.jdk/Contents/Home/jre/lib/server/libjvm.dylib at 0x0000000110800000
RDX=0x000070000d21ba8b is pointing into the stack for thread: 0x00007fe549000000
RSP=0x000070000d21b9d0 is pointing into the stack for thread: 0x00007fe549000000
RBP=0x000070000d21b9e0 is pointing into the stack for thread: 0x00007fe549000000
RSI=0x00007fe549000000 is a thread
RDI=0x63536b616572422e is an unknown value
R8 =0x0000000000000002 is an unknown value
R9 =0x00007fe54773a800 is an unknown value
R10=0x0000000000000001 is an unknown value
R11=0x0000000000000003 is an unknown value
R12=0x00007fe549000000 is a thread
R13=0x63536b616572422e is an unknown value
R14=0x63536b616572422e is an unknown value
R15=0x00007fe547600aa0 is an unknown value


Stack: [0x000070000d11c000,0x000070000d21c000],  sp=0x000070000d21b9d0,  free space=1022k
Native frames: (J=compiled Java code, j=interpreted, Vv=VM code, C=native code)
V  [libjvm.dylib+0x448358]
V  [libjvm.dylib+0x357316]
C  [libjdwp.dylib+0x20780]  isMethodSynthetic+0x63
C  [libjdwp.dylib+0x51f3]  methods1+0x10b
C  [libjdwp.dylib+0x52ec]  methodsWithGeneric+0xe
C  [libjdwp.dylib+0xe898]  debugLoop_run+0x1ce
C  [libjdwp.dylib+0x1f6ba]  attachThread+0x4d
V  [libjvm.dylib+0x39867c]
V  [libjvm.dylib+0x563d17]
V  [libjvm.dylib+0x565412]
V  [libjvm.dylib+0x484f82]
C  [libsystem_pthread.dylib+0x393b]  _pthread_body+0xb4
C  [libsystem_pthread.dylib+0x3887]  _pthread_body+0x0
C  [libsystem_pthread.dylib+0x308d]  thread_start+0xd
C  0x0000000000000000


---------------  P R O C E S S  ---------------

Java Threads: ( => current thread )
  0x00007fe54901d000 JavaThread "Service Thread" daemon [_thread_blocked, id=20227, stack(0x000070000d72e000,0x000070000d82e000)]
  0x00007fe548014000 JavaThread "C1 CompilerThread2" daemon [_thread_blocked, id=19715, stack(0x000070000d62b000,0x000070000d72b000)]
  0x00007fe548013000 JavaThread "C2 CompilerThread1" daemon [_thread_blocked, id=19203, stack(0x000070000d528000,0x000070000d628000)]
  0x00007fe548011800 JavaThread "C2 CompilerThread0" daemon [_thread_blocked, id=18691, stack(0x000070000d425000,0x000070000d525000)]
  0x00007fe54901c800 JavaThread "JDWP Command Reader" daemon [_thread_in_native, id=18179, stack(0x000070000d322000,0x000070000d422000)]
  0x00007fe54901b800 JavaThread "JDWP Event Helper Thread" daemon [_thread_blocked, id=17667, stack(0x000070000d21f000,0x000070000d31f000)]
=>0x00007fe549000000 JavaThread "JDWP Transport Listener: dt_socket" daemon [_thread_in_vm, id=17155, stack(0x000070000d11c000,0x000070000d21c000)]
  0x00007fe548825000 JavaThread "Signal Dispatcher" daemon [_thread_blocked, id=16643, stack(0x000070000d019000,0x000070000d119000)]
  0x00007fe548006800 JavaThread "Finalizer" daemon [_thread_blocked, id=12547, stack(0x000070000cf16000,0x000070000d016000)]
  0x00007fe54900e800 JavaThread "Reference Handler" daemon [_thread_blocked, id=12035, stack(0x000070000ce13000,0x000070000cf13000)]
  0x00007fe549001800 JavaThread "main" [_thread_blocked, id=7171, stack(0x000070000c801000,0x000070000c901000)]

Other Threads:
  0x00007fe547838800 VMThread [stack: 0x000070000cd10000,0x000070000ce10000] [id=11523]
  0x00007fe548027000 WatcherThread [stack: 0x000070000d831000,0x000070000d931000] [id=20739]

VM state:not at safepoint (normal execution)

VM Mutex/Monitor currently owned by a thread: None

Heap:
 PSYoungGen      total 76288K, used 14419K [0x000000076ab00000, 0x0000000770000000, 0x00000007c0000000)
  eden space 65536K, 22% used [0x000000076ab00000,0x000000076b914e48,0x000000076eb00000)
  from space 10752K, 0% used [0x000000076f580000,0x000000076f580000,0x0000000770000000)
  to   space 10752K, 0% used [0x000000076eb00000,0x000000076eb00000,0x000000076f580000)
 ParOldGen       total 175104K, used 0K [0x00000006c0000000, 0x00000006cab00000, 0x000000076ab00000)
  object space 175104K, 0% used [0x00000006c0000000,0x00000006c0000000,0x00000006cab00000)
 Metaspace       used 6408K, capacity 6900K, committed 7168K, reserved 1056768K
  class space    used 800K, capacity 908K, committed 1024K, reserved 1048576K

Card table byte_map: [0x0000000111bd4000,0x00000001123d5000] byte_map_base: 0x000000010e5d4000

Marking Bits: (ParMarkBitMap*) 0x00000001110e6eb0
 Begin Bits: [0x0000000123b94000, 0x0000000127b94000)
 End Bits:   [0x0000000127b94000, 0x000000012bb94000)

Polling page: 0x000000010ffe6000

CodeCache: size=245760Kb used=2603Kb max_used=2614Kb free=243156Kb
 bounds [0x0000000114b94000, 0x0000000114e24000, 0x0000000123b94000]
 total_blobs=941 nmethods=679 adapters=184
 compilation: enabled

Compilation events (10 events):
Event: 0.846 Thread 0x00007fe548014000  675       3       java.lang.invoke.InnerClassLambdaMetafactory::getOpcodeOffset (38 bytes)
Event: 0.847 Thread 0x00007fe548014000 nmethod 675 0x0000000114e1e850 code [0x0000000114e1e9e0, 0x0000000114e1ed28]
Event: 0.847 Thread 0x00007fe548014000  676       3       java.util.stream.ReferencePipeline$2$1::accept (27 bytes)
Event: 0.847 Thread 0x00007fe548014000 nmethod 676 0x0000000114e1edd0 code [0x0000000114e1ef60, 0x0000000114e1f2b8]
Event: 0.849 Thread 0x00007fe548014000  677       3       java.lang.invoke.MethodTypeForm::unpack (30 bytes)
Event: 0.849 Thread 0x00007fe548014000 nmethod 677 0x0000000114e1f3d0 code [0x0000000114e1f520, 0x0000000114e1f690]
Event: 0.849 Thread 0x00007fe548011800  678       4       jdk.internal.org.objectweb.asm.ByteVector::putByte (39 bytes)
Event: 0.851 Thread 0x00007fe548014000  679       1       java.lang.invoke.InnerClassLambdaMetafactory::access$200 (5 bytes)
Event: 0.852 Thread 0x00007fe548014000 nmethod 679 0x0000000114e20c10 code [0x0000000114e20d60, 0x0000000114e20e50]
Event: 0.852 Thread 0x00007fe548011800 nmethod 678 0x0000000114e22750 code [0x0000000114e228c0, 0x0000000114e22a48]

GC Heap History (0 events):
No events

Deoptimization events (0 events):
No events

Internal exceptions (10 events):
Event: 0.170 Thread 0x00007fe549001800 Exception <a 'java/security/PrivilegedActionException'> (0x000000076abf1448) thrown at [/Users/java_re/workspace/8-2-build-macosx-x86_64/jdk8u91/6644/hotspot/src/share/vm/prims/jvm.cpp, line 1386]
Event: 0.170 Thread 0x00007fe549001800 Exception <a 'java/security/PrivilegedActionException'> (0x000000076abf1658) thrown at [/Users/java_re/workspace/8-2-build-macosx-x86_64/jdk8u91/6644/hotspot/src/share/vm/prims/jvm.cpp, line 1386]
Event: 0.304 Thread 0x00007fe549001800 Exception <a 'java/lang/NoSuchFieldError': method resolution failed> (0x000000076b03bc60) thrown at [/Users/java_re/workspace/8-2-build-macosx-x86_64/jdk8u91/6644/hotspot/src/share/vm/prims/methodHandles.cpp, line 1146]
Event: 0.308 Thread 0x00007fe549001800 Exception <a 'java/lang/NoSuchFieldError': method resolution failed> (0x000000076b048fe0) thrown at [/Users/java_re/workspace/8-2-build-macosx-x86_64/jdk8u91/6644/hotspot/src/share/vm/prims/methodHandles.cpp, line 1146]
Event: 0.416 Thread 0x00007fe549001800 Exception <a 'java/lang/NoSuchMethodError': java.lang.Object.lambda$or$2(Ljava/util/function/Predicate;Ljava/lang/Object;)Z> (0x000000076b24bce8) thrown at [/Users/java_re/workspace/8-2-build-macosx-x86_64/jdk8u91/6644/hotspot/src/share/vm/interpreter/lin
Event: 0.479 Thread 0x00007fe549001800 Exception <a 'java/lang/NoSuchMethodError': java.lang.Object.lambda$andThen$1(Ljava/util/function/Function;Ljava/lang/Object;)Ljava/lang/Object;> (0x000000076b357d18) thrown at [/Users/java_re/workspace/8-2-build-macosx-x86_64/jdk8u91/6644/hotspot/src/sha
Event: 0.484 Thread 0x00007fe549001800 Exception <a 'java/lang/IncompatibleClassChangeError': Found class java.lang.Object, but interface was expected> (0x000000076b375e88) thrown at [/Users/java_re/workspace/8-2-build-macosx-x86_64/jdk8u91/6644/hotspot/src/share/vm/interpreter/linkResolver.cp
Event: 0.588 Thread 0x00007fe549001800 Exception <a 'java/lang/IncompatibleClassChangeError': Found class java.lang.Object, but interface was expected> (0x000000076b5313a8) thrown at [/Users/java_re/workspace/8-2-build-macosx-x86_64/jdk8u91/6644/hotspot/src/share/vm/interpreter/linkResolver.cp
Event: 0.590 Thread 0x00007fe549001800 Exception <a 'java/lang/NoSuchMethodError': java.lang.Object.lambda$accept$0(Lorg/junit/platform/engine/TestDescriptor$Visitor;Lorg/junit/platform/engine/TestDescriptor;)V> (0x000000076b539660) thrown at [/Users/java_re/workspace/8-2-build-macosx-x86_64/j
Event: 0.595 Thread 0x00007fe549001800 Exception <a 'java/lang/IncompatibleClassChangeError': Found class java.lang.Object, but interface was expected> (0x000000076b5469e0) thrown at [/Users/java_re/workspace/8-2-build-macosx-x86_64/jdk8u91/6644/hotspot/src/share/vm/interpreter/linkResolver.cp

Events (10 events):
Event: 1881.498 Executing VM operation: ChangeBreakpoints
Event: 1881.498 Executing VM operation: ChangeBreakpoints done
Event: 1881.498 Executing VM operation: ChangeBreakpoints
Event: 1881.498 Executing VM operation: ChangeBreakpoints done
Event: 1881.498 Executing VM operation: ChangeBreakpoints
Event: 1881.499 Executing VM operation: ChangeBreakpoints done
Event: 1881.501 Executing VM operation: RedefineClasses
Event: 1881.506 Executing VM operation: RedefineClasses done
Event: 1881.506 Executing VM operation: GetOrSetLocal
Event: 1881.506 Executing VM operation: GetOrSetLocal done


Dynamic libraries:
0x0000000036950000 	/System/Library/Frameworks/Cocoa.framework/Versions/A/Cocoa
0x0000000036950000 	/System/Library/Frameworks/Security.framework/Versions/A/Security
0x0000000036950000 	/System/Library/Frameworks/ApplicationServices.framework/Versions/A/ApplicationServices
0x0000000036950000 	/usr/lib/libz.1.dylib
0x0000000036950000 	/usr/lib/libSystem.B.dylib
0x0000000036950000 	/usr/lib/libobjc.A.dylib
0x0000000036950000 	/System/Library/Frameworks/CoreFoundation.framework/Versions/A/CoreFoundation
0x0000000036950000 	/System/Library/Frameworks/Foundation.framework/Versions/C/Foundation
0x0000000036950000 	/System/Library/Frameworks/AppKit.framework/Versions/C/AppKit
0x0000000036950000 	/System/Library/Frameworks/CoreData.framework/Versions/A/CoreData
0x0000000036950000 	/System/Library/PrivateFrameworks/RemoteViewServices.framework/Versions/A/RemoteViewServices
0x0000000036950000 	/System/Library/PrivateFrameworks/UIFoundation.framework/Versions/A/UIFoundation
0x0000000036950000 	/System/Library/PrivateFrameworks/DFRFoundation.framework/Versions/A/DFRFoundation
0x0000000036950000 	/usr/lib/libenergytrace.dylib
0x0000000036950000 	/System/Library/PrivateFrameworks/SkyLight.framework/Versions/A/SkyLight
0x0000000036950000 	/System/Library/Frameworks/CoreGraphics.framework/Versions/A/CoreGraphics
0x0000000036950000 	/usr/lib/libScreenReader.dylib
0x0000000036950000 	/System/Library/Frameworks/Accelerate.framework/Versions/A/Accelerate
0x0000000036950000 	/System/Library/Frameworks/IOSurface.framework/Versions/A/IOSurface
0x0000000036950000 	/System/Library/Frameworks/AudioToolbox.framework/Versions/A/AudioToolbox
0x0000000036950000 	/System/Library/Frameworks/AudioUnit.framework/Versions/A/AudioUnit
0x0000000036950000 	/System/Library/PrivateFrameworks/DataDetectorsCore.framework/Versions/A/DataDetectorsCore
0x0000000036950000 	/System/Library/PrivateFrameworks/DesktopServicesPriv.framework/Versions/A/DesktopServicesPriv
0x0000000036950000 	/System/Library/Frameworks/Carbon.framework/Versions/A/Frameworks/HIToolbox.framework/Versions/A/HIToolbox
0x0000000036950000 	/usr/lib/libicucore.A.dylib
0x0000000036950000 	/System/Library/Frameworks/QuartzCore.framework/Versions/A/QuartzCore
0x0000000036950000 	/System/Library/Frameworks/Carbon.framework/Versions/A/Frameworks/SpeechRecognition.framework/Versions/A/SpeechRecognition
0x0000000036950000 	/usr/lib/libauto.dylib
0x0000000036950000 	/usr/lib/libxml2.2.dylib
0x0000000036950000 	/System/Library/PrivateFrameworks/CoreUI.framework/Versions/A/CoreUI
0x0000000036950000 	/System/Library/Frameworks/CoreAudio.framework/Versions/A/CoreAudio
0x0000000036950000 	/System/Library/Frameworks/DiskArbitration.framework/Versions/A/DiskArbitration
0x0000000036950000 	/usr/lib/liblangid.dylib
0x0000000036950000 	/System/Library/PrivateFrameworks/MultitouchSupport.framework/Versions/A/MultitouchSupport
0x0000000036950000 	/System/Library/Frameworks/IOKit.framework/Versions/A/IOKit
0x0000000036950000 	/usr/lib/libDiagnosticMessagesClient.dylib
0x0000000036950000 	/System/Library/Frameworks/CoreServices.framework/Versions/A/CoreServices
0x0000000036950000 	/System/Library/PrivateFrameworks/PerformanceAnalysis.framework/Versions/A/PerformanceAnalysis
0x0000000036950000 	/System/Library/PrivateFrameworks/GenerationalStorage.framework/Versions/A/GenerationalStorage
0x0000000036950000 	/System/Library/Frameworks/OpenGL.framework/Versions/A/OpenGL
0x0000000036950000 	/System/Library/Frameworks/CoreImage.framework/Versions/A/CoreImage
0x0000000036950000 	/System/Library/Frameworks/CoreText.framework/Versions/A/CoreText
0x0000000036950000 	/System/Library/Frameworks/ImageIO.framework/Versions/A/ImageIO
0x0000000036950000 	/System/Library/PrivateFrameworks/Backup.framework/Versions/A/Backup
0x0000000036950000 	/usr/lib/libarchive.2.dylib
0x0000000036950000 	/System/Library/Frameworks/CFNetwork.framework/Versions/A/CFNetwork
0x0000000036950000 	/System/Library/Frameworks/SystemConfiguration.framework/Versions/A/SystemConfiguration
0x0000000036950000 	/usr/lib/libCRFSuite.dylib
0x0000000036950000 	/usr/lib/libc++.1.dylib
0x0000000036950000 	/usr/lib/libc++abi.dylib
0x0000000036950000 	/usr/lib/system/libcache.dylib
0x0000000036950000 	/usr/lib/system/libcommonCrypto.dylib
0x0000000036950000 	/usr/lib/system/libcompiler_rt.dylib
0x0000000036950000 	/usr/lib/system/libcopyfile.dylib
0x0000000036950000 	/usr/lib/system/libcorecrypto.dylib
0x0000000036950000 	/usr/lib/system/libdispatch.dylib
0x0000000036950000 	/usr/lib/system/libdyld.dylib
0x0000000036950000 	/usr/lib/system/libkeymgr.dylib
0x0000000036950000 	/usr/lib/system/liblaunch.dylib
0x0000000036950000 	/usr/lib/system/libmacho.dylib
0x0000000036950000 	/usr/lib/system/libquarantine.dylib
0x0000000036950000 	/usr/lib/system/libremovefile.dylib
0x0000000036950000 	/usr/lib/system/libsystem_asl.dylib
0x0000000036950000 	/usr/lib/system/libsystem_blocks.dylib
0x0000000036950000 	/usr/lib/system/libsystem_c.dylib
0x0000000036950000 	/usr/lib/system/libsystem_configuration.dylib
0x0000000036950000 	/usr/lib/system/libsystem_coreservices.dylib
0x0000000036950000 	/usr/lib/system/libsystem_coretls.dylib
0x0000000036950000 	/usr/lib/system/libsystem_dnssd.dylib
0x0000000036950000 	/usr/lib/system/libsystem_info.dylib
0x0000000036950000 	/usr/lib/system/libsystem_kernel.dylib
0x0000000036950000 	/usr/lib/system/libsystem_m.dylib
0x0000000036950000 	/usr/lib/system/libsystem_malloc.dylib
0x0000000036950000 	/usr/lib/system/libsystem_network.dylib
0x0000000036950000 	/usr/lib/system/libsystem_networkextension.dylib
0x0000000036950000 	/usr/lib/system/libsystem_notify.dylib
0x0000000036950000 	/usr/lib/system/libsystem_platform.dylib
0x0000000036950000 	/usr/lib/system/libsystem_pthread.dylib
0x0000000036950000 	/usr/lib/system/libsystem_sandbox.dylib
0x0000000036950000 	/usr/lib/system/libsystem_secinit.dylib
0x0000000036950000 	/usr/lib/system/libsystem_symptoms.dylib
0x0000000036950000 	/usr/lib/system/libsystem_trace.dylib
0x0000000036950000 	/usr/lib/system/libunwind.dylib
0x0000000036950000 	/usr/lib/system/libxpc.dylib
0x0000000036950000 	/usr/lib/libbsm.0.dylib
0x0000000036950000 	/usr/lib/system/libkxld.dylib
0x0000000036950000 	/usr/lib/libcoretls.dylib
0x0000000036950000 	/usr/lib/libcoretls_cfhelpers.dylib
0x0000000036950000 	/usr/lib/libOpenScriptingUtil.dylib
0x0000000036950000 	/usr/lib/libpam.2.dylib
0x0000000036950000 	/usr/lib/libsqlite3.dylib
0x0000000036950000 	/usr/lib/libxar.1.dylib
0x0000000036950000 	/usr/lib/libbz2.1.0.dylib
0x0000000036950000 	/usr/lib/liblzma.5.dylib
0x0000000036950000 	/usr/lib/libnetwork.dylib
0x0000000036950000 	/usr/lib/libpcap.A.dylib
0x0000000036950000 	/System/Library/Frameworks/CoreServices.framework/Versions/A/Frameworks/FSEvents.framework/Versions/A/FSEvents
0x0000000036950000 	/System/Library/Frameworks/CoreServices.framework/Versions/A/Frameworks/CarbonCore.framework/Versions/A/CarbonCore
0x0000000036950000 	/System/Library/Frameworks/CoreServices.framework/Versions/A/Frameworks/Metadata.framework/Versions/A/Metadata
0x0000000036950000 	/System/Library/Frameworks/CoreServices.framework/Versions/A/Frameworks/OSServices.framework/Versions/A/OSServices
0x0000000036950000 	/System/Library/Frameworks/CoreServices.framework/Versions/A/Frameworks/SearchKit.framework/Versions/A/SearchKit
0x0000000036950000 	/System/Library/Frameworks/CoreServices.framework/Versions/A/Frameworks/AE.framework/Versions/A/AE
0x0000000036950000 	/System/Library/Frameworks/CoreServices.framework/Versions/A/Frameworks/LaunchServices.framework/Versions/A/LaunchServices
0x0000000036950000 	/System/Library/Frameworks/CoreServices.framework/Versions/A/Frameworks/DictionaryServices.framework/Versions/A/DictionaryServices
0x0000000036950000 	/System/Library/Frameworks/CoreServices.framework/Versions/A/Frameworks/SharedFileList.framework/Versions/A/SharedFileList
0x0000000036950000 	/System/Library/Frameworks/NetFS.framework/Versions/A/NetFS
0x0000000036950000 	/System/Library/PrivateFrameworks/NetAuth.framework/Versions/A/NetAuth
0x0000000036950000 	/System/Library/PrivateFrameworks/login.framework/Versions/A/Frameworks/loginsupport.framework/Versions/A/loginsupport
0x0000000036950000 	/System/Library/PrivateFrameworks/TCC.framework/Versions/A/TCC
0x0000000036950000 	/usr/lib/libmecabra.dylib
0x0000000036950000 	/System/Library/Frameworks/ApplicationServices.framework/Versions/A/Frameworks/ATS.framework/Versions/A/ATS
0x0000000036950000 	/System/Library/Frameworks/ApplicationServices.framework/Versions/A/Frameworks/ColorSync.framework/Versions/A/ColorSync
0x0000000036950000 	/System/Library/Frameworks/ApplicationServices.framework/Versions/A/Frameworks/HIServices.framework/Versions/A/HIServices
0x0000000036950000 	/System/Library/Frameworks/ApplicationServices.framework/Versions/A/Frameworks/LangAnalysis.framework/Versions/A/LangAnalysis
0x0000000036950000 	/System/Library/Frameworks/ApplicationServices.framework/Versions/A/Frameworks/PrintCore.framework/Versions/A/PrintCore
0x0000000036950000 	/System/Library/Frameworks/ApplicationServices.framework/Versions/A/Frameworks/QD.framework/Versions/A/QD
0x0000000036950000 	/System/Library/Frameworks/ApplicationServices.framework/Versions/A/Frameworks/SpeechSynthesis.framework/Versions/A/SpeechSynthesis
0x0000000036950000 	/System/Library/Frameworks/Accelerate.framework/Versions/A/Frameworks/vImage.framework/Versions/A/vImage
0x0000000036950000 	/System/Library/Frameworks/Accelerate.framework/Versions/A/Frameworks/vecLib.framework/Versions/A/vecLib
0x0000000036950000 	/System/Library/Frameworks/Accelerate.framework/Versions/A/Frameworks/vecLib.framework/Versions/A/libvDSP.dylib
0x0000000036950000 	/System/Library/Frameworks/Accelerate.framework/Versions/A/Frameworks/vecLib.framework/Versions/A/libBNNS.dylib
0x0000000036950000 	/System/Library/Frameworks/Accelerate.framework/Versions/A/Frameworks/vecLib.framework/Versions/A/libQuadrature.dylib
0x0000000036950000 	/System/Library/Frameworks/Accelerate.framework/Versions/A/Frameworks/vecLib.framework/Versions/A/libvMisc.dylib
0x0000000036950000 	/System/Library/Frameworks/Accelerate.framework/Versions/A/Frameworks/vecLib.framework/Versions/A/libLAPACK.dylib
0x0000000036950000 	/System/Library/Frameworks/Accelerate.framework/Versions/A/Frameworks/vecLib.framework/Versions/A/libBLAS.dylib
0x0000000036950000 	/System/Library/Frameworks/Accelerate.framework/Versions/A/Frameworks/vecLib.framework/Versions/A/libLinearAlgebra.dylib
0x0000000036950000 	/System/Library/Frameworks/Accelerate.framework/Versions/A/Frameworks/vecLib.framework/Versions/A/libSparseBLAS.dylib
0x0000000036950000 	/System/Library/Frameworks/ApplicationServices.framework/Versions/A/Frameworks/ATS.framework/Versions/A/Resources/libFontParser.dylib
0x0000000036950000 	/System/Library/Frameworks/ApplicationServices.framework/Versions/A/Frameworks/ATS.framework/Versions/A/Resources/libFontRegistry.dylib
0x0000000036950000 	/System/Library/Frameworks/ImageIO.framework/Versions/A/Resources/libJPEG.dylib
0x0000000036950000 	/System/Library/Frameworks/ImageIO.framework/Versions/A/Resources/libTIFF.dylib
0x0000000036950000 	/System/Library/Frameworks/ImageIO.framework/Versions/A/Resources/libPng.dylib
0x0000000036950000 	/System/Library/Frameworks/ImageIO.framework/Versions/A/Resources/libGIF.dylib
0x0000000036950000 	/System/Library/Frameworks/ImageIO.framework/Versions/A/Resources/libJP2.dylib
0x0000000036950000 	/System/Library/Frameworks/ImageIO.framework/Versions/A/Resources/libRadiance.dylib
0x0000000036950000 	/usr/lib/libcompression.dylib
0x0000000036950000 	/System/Library/PrivateFrameworks/AppleJPEG.framework/Versions/A/AppleJPEG
0x0000000036950000 	/usr/lib/libcups.2.dylib
0x0000000036950000 	/System/Library/Frameworks/Kerberos.framework/Versions/A/Kerberos
0x0000000036950000 	/System/Library/Frameworks/GSS.framework/Versions/A/GSS
0x0000000036950000 	/usr/lib/libresolv.9.dylib
0x0000000036950000 	/usr/lib/libiconv.2.dylib
0x0000000036950000 	/System/Library/PrivateFrameworks/Heimdal.framework/Versions/A/Heimdal
0x0000000036950000 	/usr/lib/libheimdal-asn1.dylib
0x0000000036950000 	/System/Library/Frameworks/OpenDirectory.framework/Versions/A/OpenDirectory
0x0000000036950000 	/System/Library/PrivateFrameworks/CommonAuth.framework/Versions/A/CommonAuth
0x0000000036950000 	/System/Library/Frameworks/OpenDirectory.framework/Versions/A/Frameworks/CFOpenDirectory.framework/Versions/A/CFOpenDirectory
0x0000000036950000 	/System/Library/Frameworks/SecurityFoundation.framework/Versions/A/SecurityFoundation
0x0000000036950000 	/System/Library/PrivateFrameworks/LanguageModeling.framework/Versions/A/LanguageModeling
0x0000000036950000 	/usr/lib/libmarisa.dylib
0x0000000036950000 	/usr/lib/libChineseTokenizer.dylib
0x0000000036950000 	/usr/lib/libcmph.dylib
0x0000000036950000 	/System/Library/PrivateFrameworks/CoreEmoji.framework/Versions/A/CoreEmoji
0x0000000036950000 	/System/Library/Frameworks/ServiceManagement.framework/Versions/A/ServiceManagement
0x0000000036950000 	/usr/lib/libxslt.1.dylib
0x0000000036950000 	/System/Library/Frameworks/Carbon.framework/Versions/A/Frameworks/Ink.framework/Versions/A/Ink
0x0000000036950000 	/System/Library/PrivateFrameworks/TextureIO.framework/Versions/A/TextureIO
0x0000000036950000 	/System/Library/Frameworks/Metal.framework/Versions/A/Metal
0x0000000036950000 	/usr/lib/libate.dylib
0x0000000036950000 	/System/Library/PrivateFrameworks/GPUCompiler.framework/libmetal_timestamp.dylib
0x0000000036950000 	/System/Library/Frameworks/OpenGL.framework/Versions/A/Libraries/libCoreFSCache.dylib
0x0000000036950000 	/System/Library/PrivateFrameworks/IOAccelerator.framework/Versions/A/IOAccelerator
0x0000000036950000 	/System/Library/Frameworks/CoreVideo.framework/Versions/A/CoreVideo
0x0000000036950000 	/usr/lib/libFosl_dynamic.dylib
0x0000000036950000 	/System/Library/PrivateFrameworks/MetalPerformanceShaders.framework/Versions/A/MetalPerformanceShaders
0x0000000036950000 	/System/Library/PrivateFrameworks/FaceCore.framework/Versions/A/FaceCore
0x0000000036950000 	/System/Library/Frameworks/OpenCL.framework/Versions/A/OpenCL
0x0000000036950000 	/System/Library/Frameworks/OpenGL.framework/Versions/A/Libraries/libGLU.dylib
0x0000000036950000 	/System/Library/Frameworks/OpenGL.framework/Versions/A/Libraries/libGFXShared.dylib
0x0000000036950000 	/System/Library/Frameworks/OpenGL.framework/Versions/A/Libraries/libGL.dylib
0x0000000036950000 	/System/Library/Frameworks/OpenGL.framework/Versions/A/Libraries/libGLImage.dylib
0x0000000036950000 	/System/Library/Frameworks/OpenGL.framework/Versions/A/Libraries/libCVMSPluginSupport.dylib
0x0000000036950000 	/System/Library/Frameworks/OpenGL.framework/Versions/A/Libraries/libCoreVMClient.dylib
0x0000000036950000 	/System/Library/PrivateFrameworks/CrashReporterSupport.framework/Versions/A/CrashReporterSupport
0x0000000036950000 	/System/Library/PrivateFrameworks/Sharing.framework/Versions/A/Sharing
0x0000000036950000 	/System/Library/PrivateFrameworks/IconServices.framework/Versions/A/IconServices
0x0000000036950000 	/System/Library/PrivateFrameworks/ProtocolBuffer.framework/Versions/A/ProtocolBuffer
0x0000000036950000 	/System/Library/PrivateFrameworks/Apple80211.framework/Versions/A/Apple80211
0x0000000036950000 	/System/Library/Frameworks/CoreWLAN.framework/Versions/A/CoreWLAN
0x0000000036950000 	/System/Library/PrivateFrameworks/CoreUtils.framework/Versions/A/CoreUtils
0x0000000036950000 	/System/Library/Frameworks/IOBluetooth.framework/Versions/A/IOBluetooth
0x0000000036950000 	/System/Library/PrivateFrameworks/CoreWiFi.framework/Versions/A/CoreWiFi
0x0000000036950000 	/System/Library/Frameworks/CoreBluetooth.framework/Versions/A/CoreBluetooth
0x0000000036950000 	/System/Library/Frameworks/CoreDisplay.framework/Versions/A/CoreDisplay
0x0000000036950000 	/System/Library/PrivateFrameworks/IOPresentment.framework/Versions/A/IOPresentment
0x0000000036950000 	/System/Library/PrivateFrameworks/DSExternalDisplay.framework/Versions/A/DSExternalDisplay
0x0000000036950000 	/System/Library/PrivateFrameworks/DebugSymbols.framework/Versions/A/DebugSymbols
0x0000000036950000 	/System/Library/PrivateFrameworks/CoreSymbolication.framework/Versions/A/CoreSymbolication
0x0000000036950000 	/System/Library/PrivateFrameworks/Symbolication.framework/Versions/A/Symbolication
0x0000000036950000 	/System/Library/PrivateFrameworks/AppleFSCompression.framework/Versions/A/AppleFSCompression
0x0000000036950000 	/System/Library/PrivateFrameworks/SpeechRecognitionCore.framework/Versions/A/SpeechRecognitionCore
0x0000000036950000 	/System/Library/PrivateFrameworks/ChunkingLibrary.framework/Versions/A/ChunkingLibrary
0x0000000110800000 	/Library/Java/JavaVirtualMachines/jdk1.8.0_91.jdk/Contents/Home/jre/lib/server/libjvm.dylib
0x0000000036950000 	/usr/lib/libstdc++.6.dylib
0x000000010ffd8000 	/Library/Java/JavaVirtualMachines/jdk1.8.0_91.jdk/Contents/Home/jre/lib/libverify.dylib
0x0000000111794000 	/Library/Java/JavaVirtualMachines/jdk1.8.0_91.jdk/Contents/Home/jre/lib/libjava.dylib
0x00000001117c9000 	/Library/Java/JavaVirtualMachines/jdk1.8.0_91.jdk/Contents/Home/jre/lib/libjdwp.dylib
0x000000010ffe7000 	/Library/Java/JavaVirtualMachines/jdk1.8.0_91.jdk/Contents/Home/jre/lib/libnpt.dylib
0x000000010fff4000 	/Library/Java/JavaVirtualMachines/jdk1.8.0_91.jdk/Contents/Home/jre/lib/libzip.dylib
0x0000000114a49000 	/System/Library/Frameworks/JavaVM.framework/Frameworks/JavaRuntimeSupport.framework/JavaRuntimeSupport
0x0000000114a63000 	/System/Library/Frameworks/JavaVM.framework/Versions/A/Frameworks/JavaNativeFoundation.framework/Versions/A/JavaNativeFoundation
0x0000000114a78000 	/System/Library/Frameworks/JavaVM.framework/Versions/A/JavaVM
0x0000000036950000 	/System/Library/Frameworks/Carbon.framework/Versions/A/Carbon
0x0000000114a85000 	/System/Library/PrivateFrameworks/JavaLaunching.framework/Versions/A/JavaLaunching
0x0000000036950000 	/System/Library/Frameworks/Carbon.framework/Versions/A/Frameworks/CommonPanels.framework/Versions/A/CommonPanels
0x0000000036950000 	/System/Library/Frameworks/Carbon.framework/Versions/A/Frameworks/Help.framework/Versions/A/Help
0x0000000036950000 	/System/Library/Frameworks/Carbon.framework/Versions/A/Frameworks/ImageCapture.framework/Versions/A/ImageCapture
0x0000000036950000 	/System/Library/Frameworks/Carbon.framework/Versions/A/Frameworks/OpenScripting.framework/Versions/A/OpenScripting
0x0000000036950000 	/System/Library/Frameworks/Carbon.framework/Versions/A/Frameworks/Print.framework/Versions/A/Print
0x0000000036950000 	/System/Library/Frameworks/Carbon.framework/Versions/A/Frameworks/SecurityHI.framework/Versions/A/SecurityHI
0x0000000114ad9000 	/Library/Java/JavaVirtualMachines/jdk1.8.0_91.jdk/Contents/Home/jre/lib/libdt_socket.dylib

VM Arguments:
jvm_args: -agentlib:jdwp=transport=dt_socket,address=127.0.0.1:63121,suspend=y,server=n -ea -Didea.test.cyclic.buffer.size=1048576 -Dfile.encoding=UTF-8 
java_command: com.intellij.rt.execution.junit.JUnitStarter -ideVersion5 -junit5 optimalBreaks.assignment1Tests,testEasybreakList
java_class_path (initial): /Applications/IntelliJ IDEA.app/Contents/lib/idea_rt.jar:/Applications/IntelliJ IDEA.app/Contents/plugins/junit/lib/junit-rt.jar:/Library/Java/JavaVirtualMachines/jdk1.8.0_91.jdk/Contents/Home/jre/lib/charsets.jar:/Library/Java/JavaVirtualMachines/jdk1.8.0_91.jdk/Contents/Home/jre/lib/deploy.jar:/Library/Java/JavaVirtualMachines/jdk1.8.0_91.jdk/Contents/Home/jre/lib/ext/cldrdata.jar:/Library/Java/JavaVirtualMachines/jdk1.8.0_91.jdk/Contents/Home/jre/lib/ext/dnsns.jar:/Library/Java/JavaVirtualMachines/jdk1.8.0_91.jdk/Contents/Home/jre/lib/ext/jaccess.jar:/Library/Java/JavaVirtualMachines/jdk1.8.0_91.jdk/Contents/Home/jre/lib/ext/jfxrt.jar:/Library/Java/JavaVirtualMachines/jdk1.8.0_91.jdk/Contents/Home/jre/lib/ext/localedata.jar:/Library/Java/JavaVirtualMachines/jdk1.8.0_91.jdk/Contents/Home/jre/lib/ext/nashorn.jar:/Library/Java/JavaVirtualMachines/jdk1.8.0_91.jdk/Contents/Home/jre/lib/ext/sunec.jar:/Library/Java/JavaVirtualMachines/jdk1.8.0_91.jdk/Contents/Home/jre/lib/ext/sunjce_provider.jar:/Library/Java/JavaVirtualMachines/jdk1.8.0_91.jdk/Contents/Home/jre/lib/ext/sunpkcs11.jar:/Library/Java/JavaVirtualMachines/jdk1.8.0_91.jdk/Contents/Home/jre/lib/ext/zipfs.jar:/Library/Java/JavaVirtualMachines/jdk1.8.0_91.jdk/Contents/Home/jre/lib/javaws.jar:/Library/Java/JavaVirtualMachines/jdk1.8.0_91.jdk/Contents/Home/jre/lib/jce.jar:/Library/Java/JavaVirtualMachines/jdk1.8.0_91.jdk/Contents/Home/jre/lib/jfr.jar:/Library/Java/JavaVirtualMachines/jdk1.8.0_91.jdk/Contents/Home/jre/lib/jfxswt.jar:/Library/Java/JavaVirtualMachines/jdk1.8.0_91.jdk/Contents/Home/jre/lib/jsse.jar:/Library/Java/JavaVirtualMachines/jdk1.8.0_91.jdk/Contents/Home/jre/lib/management-agent.jar:/Library/Java/JavaVirtualMachines/jdk1.8.0_91.jdk/Contents/Home/jre/lib/plugin.jar:/Library/Java/JavaVirtualMachines/jdk1.8.0_91.jdk/Contents/Home/jre/lib/resources.jar:/Library/Java/JavaVirtualMachines/jdk1.8.0_91.jdk/Contents/Home/jre/lib/rt.jar:/Library/Java/JavaVirtualMachines/jdk1.8
Launcher Type: SUN_STANDARD

Environment Variables:
PATH=/Users/abhisheksatpathy/Software Installations/google-cloud-sdk/bin:/Users/abhisheksatpathy/anaconda/bin:/usr/local/bin:/usr/bin:/bin:/usr/sbin:/sbin:/opt/X11/bin:/Library/Frameworks/Mono.framework/Versions/Current/Commands:/Library/TeX/texbin
SHELL=/bin/bash
DISPLAY=/private/tmp/com.apple.launchd.ejD5gnoVJa/org.macosforge.xquartz:0

Signal Handlers:
SIGSEGV: [libjvm.dylib+0x5a97a1], sa_mask[0]=11111111011111110111111111111111, sa_flags=SA_ONSTACK|SA_RESTART|SA_SIGINFO
SIGBUS: [libjvm.dylib+0x5a97a1], sa_mask[0]=11111111011111110111111111111111, sa_flags=SA_RESTART|SA_SIGINFO
SIGFPE: [libjvm.dylib+0x482594], sa_mask[0]=11111111011111110111111111111111, sa_flags=SA_RESTART|SA_SIGINFO
SIGPIPE: [libjvm.dylib+0x482594], sa_mask[0]=11111111011111110111111111111111, sa_flags=SA_RESTART|SA_SIGINFO
SIGXFSZ: [libjvm.dylib+0x482594], sa_mask[0]=11111111011111110111111111111111, sa_flags=SA_RESTART|SA_SIGINFO
SIGILL: [libjvm.dylib+0x482594], sa_mask[0]=11111111011111110111111111111111, sa_flags=SA_RESTART|SA_SIGINFO
SIGUSR1: SIG_DFL, sa_mask[0]=00000000000000000000000000000000, sa_flags=none
SIGUSR2: [libjvm.dylib+0x4820b2], sa_mask[0]=00100000000000000000000000000000, sa_flags=SA_RESTART|SA_SIGINFO
SIGHUP: [libjvm.dylib+0x480689], sa_mask[0]=11111111011111110111111111111111, sa_flags=SA_RESTART|SA_SIGINFO
SIGINT: [libjvm.dylib+0x480689], sa_mask[0]=11111111011111110111111111111111, sa_flags=SA_RESTART|SA_SIGINFO
SIGTERM: [libjvm.dylib+0x480689], sa_mask[0]=11111111011111110111111111111111, sa_flags=SA_RESTART|SA_SIGINFO
SIGQUIT: [libjvm.dylib+0x480689], sa_mask[0]=11111111011111110111111111111111, sa_flags=SA_RESTART|SA_SIGINFO


---------------  S Y S T E M  ---------------

OS:Bsduname:Darwin 16.7.0 Darwin Kernel Version 16.7.0: Thu Jun 15 17:36:27 PDT 2017; root:xnu-3789.70.16~2/RELEASE_X86_64 x86_64
rlimit: STACK 8192k, CORE 0k, NPROC 709, NOFILE 10240, AS infinity
load average:10.08 9.00 7.82

CPU:total 4 (2 cores per cpu, 2 threads per core) family 6 model 61 stepping 4, cmov, cx8, fxsr, mmx, sse, sse2, sse3, ssse3, sse4.1, sse4.2, popcnt, avx, avx2, aes, clmul, erms, 3dnowpref, lzcnt, ht, tsc, tscinvbit, bmi1, bmi2, adx

Memory: 4k page, physical 16777216k(2877148k free)

/proc/meminfo:


vm_info: Java HotSpot(TM) 64-Bit Server VM (25.91-b14) for bsd-amd64 JRE (1.8.0_91-b14), built on Apr  1 2016 01:03:00 by "java_re" with gcc 4.2.1 (Based on Apple Inc. build 5658) (LLVM build 2336.11.00)

time: Sun Oct 29 19:44:25 2017
elapsed time: 1881 seconds (0d 0h 31m 21s)

